#
# A fatal error has been detected by the Java Runtime Environment:
#
#  Internal Error (generateOopMap.cpp:2159), pid=14624, tid=10320
#  fatal error: Illegal class file encountered. Try running with -Xverify:all in method flightTriptype
#
# JRE version: OpenJDK Runtime Environment Temurin-17.0.1+12 (17.0.1+12) (build 17.0.1+12)
# Java VM: OpenJDK 64-Bit Server VM Temurin-17.0.1+12 (17.0.1+12, mixed mode, tiered, compressed oops, compressed class ptrs, g1 gc, windows-amd64)
# No core dump will be written. Minidumps are not enabled by default on client versions of Windows
#
# If you would like to submit a bug report, please visit:
#   https://github.com/adoptium/adoptium-support/issues
#

---------------  S U M M A R Y ------------

Command Line: -XX:+ShowCodeDetailsInExceptionMessages -agentlib:jdwp=transport=dt_socket,suspend=y,address=localhost:55478 -ea -Dfile.encoding=Cp1252 org.testng.remote.RemoteTestNG -serport 55477 -protocol json -d C:\Users\Balkrishna.Sharma\Desktop\saudiaproject\Saudia\test-output C:\Users\BALKRI~1.SHA\AppData\Local\Temp\testng-eclipse-1819176479\testng-customsuite.xml

Host: Intel(R) Core(TM) i7-4790 CPU @ 3.60GHz, 8 cores, 7G,  Windows 10 , 64 bit Build 19041 (10.0.19041.5678)
Time: Thu Apr 17 15:00:45 2025 India Standard Time elapsed time: 2374.196609 seconds (0d 0h 39m 34s)

---------------  T H R E A D  ---------------

Current thread (0x000001e6ac02d2f0):  GCTaskThread "GC Thread#7" [stack: 0x0000000983700000,0x0000000983800000] [id=10320]

Stack: [0x0000000983700000,0x0000000983800000]
Native frames: (J=compiled Java code, j=interpreted, Vv=VM code, C=native code)
V  [jvm.dll+0x6744da]
V  [jvm.dll+0x82e144]
V  [jvm.dll+0x82f8ee]
V  [jvm.dll+0x244e9f]
V  [jvm.dll+0x339334]
V  [jvm.dll+0x3360f4]
V  [jvm.dll+0x3352ab]
V  [jvm.dll+0x334687]
V  [jvm.dll+0x662e3a]
V  [jvm.dll+0x6636a4]
V  [jvm.dll+0x6274d7]
V  [jvm.dll+0x2c810a]
V  [jvm.dll+0x2c7961]
V  [jvm.dll+0x2c78f5]
V  [jvm.dll+0x7e20f6]
V  [jvm.dll+0x7e1f89]
V  [jvm.dll+0x7e2530]
V  [jvm.dll+0x31714c]
V  [jvm.dll+0x316fe5]
V  [jvm.dll+0x2de154]
V  [jvm.dll+0x2dfbab]
V  [jvm.dll+0x85b53b]
V  [jvm.dll+0x85b586]
V  [jvm.dll+0x7de51a]
V  [jvm.dll+0x673305]
C  [ucrtbase.dll+0x21bb2]
C  [KERNEL32.DLL+0x17374]
C  [ntdll.dll+0x4cc91]

JavaThread 0x000001e6905e8860 (nid = 2500) was being processed
Java frames: (J=compiled Java code, j=interpreted, Vv=VM code)
j  jdk.internal.misc.Unsafe.park(ZJ)V+0 java.base@17.0.1
j  java.util.concurrent.locks.LockSupport.parkNanos(Ljava/lang/Object;J)V+20 java.base@17.0.1
j  java.util.concurrent.CompletableFuture$Signaller.block()Z+28 java.base@17.0.1
j  java.util.concurrent.ForkJoinPool.unmanagedBlock(Ljava/util/concurrent/ForkJoinPool$ManagedBlocker;)V+22 java.base@17.0.1
j  java.util.concurrent.ForkJoinPool.managedBlock(Ljava/util/concurrent/ForkJoinPool$ManagedBlocker;)V+32 java.base@17.0.1
j  java.util.concurrent.CompletableFuture.timedGet(J)Ljava/lang/Object;+127 java.base@17.0.1
j  java.util.concurrent.CompletableFuture.get(JLjava/util/concurrent/TimeUnit;)Ljava/lang/Object;+20 java.base@17.0.1
j  org.asynchttpclient.netty.NettyResponseFuture.get(JLjava/util/concurrent/TimeUnit;)Ljava/lang/Object;+6
j  org.openqa.selenium.remote.http.netty.NettyHttpHandler.makeCall(Lorg/openqa/selenium/remote/http/HttpRequest;)Lorg/openqa/selenium/remote/http/HttpResponse;+39
j  org.openqa.selenium.remote.http.netty.NettyHttpHandler$$Lambda$261+0x00000001004021d8.execute(Lorg/openqa/selenium/remote/http/HttpRequest;)Lorg/openqa/selenium/remote/http/HttpResponse;+5
j  org.openqa.selenium.remote.http.AddSeleniumUserAgent.lambda$apply$0(Lorg/openqa/selenium/remote/http/HttpHandler;Lorg/openqa/selenium/remote/http/HttpRequest;)Lorg/openqa/selenium/remote/http/HttpResponse;+21
j  org.openqa.selenium.remote.http.AddSeleniumUserAgent$$Lambda$464+0x000000010044e620.execute(Lorg/openqa/selenium/remote/http/HttpRequest;)Lorg/openqa/selenium/remote/http/HttpResponse;+5
j  org.openqa.selenium.remote.http.Filter.lambda$andFinally$1(Lorg/openqa/selenium/remote/http/HttpHandler;Lorg/openqa/selenium/remote/http/HttpRequest;)Lorg/openqa/selenium/remote/http/HttpResponse;+11
j  org.openqa.selenium.remote.http.Filter$$Lambda$262+0x0000000100402408.execute(Lorg/openqa/selenium/remote/http/HttpRequest;)Lorg/openqa/selenium/remote/http/HttpResponse;+9
j  org.openqa.selenium.remote.http.netty.NettyHttpHandler.execute(Lorg/openqa/selenium/remote/http/HttpRequest;)Lorg/openqa/selenium/remote/http/HttpResponse;+5
j  org.openqa.selenium.remote.http.AddSeleniumUserAgent.lambda$apply$0(Lorg/openqa/selenium/remote/http/HttpHandler;Lorg/openqa/selenium/remote/http/HttpRequest;)Lorg/openqa/selenium/remote/http/HttpResponse;+21
j  org.openqa.selenium.remote.http.AddSeleniumUserAgent$$Lambda$464+0x000000010044e620.execute(Lorg/openqa/selenium/remote/http/HttpRequest;)Lorg/openqa/selenium/remote/http/HttpResponse;+5
j  org.openqa.selenium.remote.http.Filter.lambda$andFinally$1(Lorg/openqa/selenium/remote/http/HttpHandler;Lorg/openqa/selenium/remote/http/HttpRequest;)Lorg/openqa/selenium/remote/http/HttpResponse;+11
j  org.openqa.selenium.remote.http.Filter$$Lambda$262+0x0000000100402408.execute(Lorg/openqa/selenium/remote/http/HttpRequest;)Lorg/openqa/selenium/remote/http/HttpResponse;+9
j  org.openqa.selenium.remote.http.netty.NettyClient.execute(Lorg/openqa/selenium/remote/http/HttpRequest;)Lorg/openqa/selenium/remote/http/HttpResponse;+5
j  org.openqa.selenium.remote.HttpCommandExecutor.execute(Lorg/openqa/selenium/remote/Command;)Lorg/openqa/selenium/remote/Response;+317
j  org.openqa.selenium.remote.service.DriverCommandExecutor.invokeExecute(Lorg/openqa/selenium/remote/Command;)Lorg/openqa/selenium/remote/Response;+2
j  org.openqa.selenium.remote.service.DriverCommandExecutor.execute(Lorg/openqa/selenium/remote/Command;)Lorg/openqa/selenium/remote/Response;+195
j  org.openqa.selenium.remote.RemoteWebDriver.execute(Lorg/openqa/selenium/remote/CommandPayload;)Lorg/openqa/selenium/remote/Response;+76
j  org.openqa.selenium.remote.ElementLocation$ElementFinder$2.findElement(Lorg/openqa/selenium/remote/RemoteWebDriver;Lorg/openqa/selenium/SearchContext;Ljava/util/function/BiFunction;Lorg/openqa/selenium/By;)Lorg/openqa/selenium/WebElement;+36
j  org.openqa.selenium.remote.ElementLocation.findElement(Lorg/openqa/selenium/remote/RemoteWebDriver;Lorg/openqa/selenium/SearchContext;Ljava/util/function/BiFunction;Lorg/openqa/selenium/By;)Lorg/openqa/selenium/WebElement;+60
j  org.openqa.selenium.remote.RemoteWebDriver.findElement(Lorg/openqa/selenium/SearchContext;Ljava/util/function/BiFunction;Lorg/openqa/selenium/By;)Lorg/openqa/selenium/WebElement;+8
j  org.openqa.selenium.remote.RemoteWebDriver.findElement(Lorg/openqa/selenium/By;)Lorg/openqa/selenium/WebElement;+15
j  utilities.QaRobot.getLocator(Ljava/lang/String;)Lorg/openqa/selenium/WebElement;+37
j  utilities.QaRobot.getWebElement(Ljava/lang/String;)Lorg/openqa/selenium/WebElement;+7
j  utilities.QaRobot.clickOnDisableElement(Ljava/lang/String;)V+1
j  flightbookingAssignTask.TripTypeSearchPage.flightTriptype(Ljava/lang/String;Ljava/lang/String;Ljava/lang/String;Ljava/lang/String;Ljava/lang/String;Ljava/lang/String;Ljava/lang/String;Ljava/lang/String;Ljava/lang/String;Ljava/lang/String;Ljava/lang/String;Ljava/lang/String;Ljava/lang/String;Ljava/lang/String;Ljava/lang/String;Ljava/lang/String;Ljava/lang/String;Ljava/lang/String;Ljava/lang/String;Ljava/lang/String;Ljava/lang/String;Ljava/lang/String;Ljava/lang/String;)V+558
j  flightbookingAssignTask.FileBookingForEmployee.flightBooking(Ljava/lang/String;Ljava/lang/String;Ljava/lang/String;Ljava/lang/String;Ljava/lang/String;Ljava/lang/String;Ljava/lang/String;Ljava/lang/String;Ljava/lang/String;Ljava/lang/String;Ljava/lang/String;Ljava/lang/String;Ljava/lang/String;Ljava/lang/String;Ljava/lang/String;Ljava/lang/String;Ljava/lang/String;Ljava/lang/String;Ljava/lang/String;Ljava/lang/String;Ljava/lang/String;Ljava/lang/String;Ljava/lang/String;Ljava/lang/String;Ljava/lang/String;Ljava/lang/String;Ljava/lang/String;Ljava/lang/String;Ljava/lang/String;Ljava/lang/String;Ljava/lang/String;Ljava/lang/String;Ljava/lang/String;Ljava/lang/String;Ljava/lang/String;Ljava/lang/String;Ljava/lang/String;Ljava/lang/String;Ljava/lang/String;Ljava/lang/String;Ljava/lang/String;Ljava/lang/String;Ljava/lang/String;Ljava/lang/String;Ljava/lang/String;Ljava/lang/String;Ljava/lang/String;Ljava/lang/String;Ljava/lang/String;Ljava/lang/String;Ljava/lang/String;Ljava/lang/String;Ljava/lang/String;Ljava/lang/String;Ljava/lang/String;Ljava/lang/String;Ljava/lang/String;Ljava/lang/String;Ljava/lang/String;Ljava/lang/String;Ljava/lang/String;Ljava/lang/String;Ljava/lang/String;Ljava/lang/String;)V+189
v  ~StubRoutines::call_stub
j  jdk.internal.reflect.NativeMethodAccessorImpl.invoke0(Ljava/lang/reflect/Method;Ljava/lang/Object;[Ljava/lang/Object;)Ljava/lang/Object;+0 java.base@17.0.1
j  jdk.internal.reflect.NativeMethodAccessorImpl.invoke(Ljava/lang/Object;[Ljava/lang/Object;)Ljava/lang/Object;+133 java.base@17.0.1
j  jdk.internal.reflect.DelegatingMethodAccessorImpl.invoke(Ljava/lang/Object;[Ljava/lang/Object;)Ljava/lang/Object;+6 java.base@17.0.1
j  java.lang.reflect.Method.invoke(Ljava/lang/Object;[Ljava/lang/Object;)Ljava/lang/Object;+59 java.base@17.0.1
j  org.testng.internal.MethodInvocationHelper.invokeMethod(Ljava/lang/reflect/Method;Ljava/lang/Object;[Ljava/lang/Object;)Ljava/lang/Object;+242
j  org.testng.internal.Invoker.invokeMethod(Ljava/lang/Object;Lorg/testng/ITestNGMethod;[Ljava/lang/Object;ILorg/testng/xml/XmlSuite;Ljava/util/Map;Lorg/testng/ITestClass;[Lorg/testng/ITestNGMethod;[Lorg/testng/ITestNGMethod;Lorg/testng/internal/ConfigurationGroupMethods;Lorg/testng/internal/Invoker$FailureContext;)Lorg/testng/ITestResult;+269
j  org.testng.internal.Invoker.invokeTestMethod(Ljava/lang/Object;Lorg/testng/ITestNGMethod;[Ljava/lang/Object;ILorg/testng/xml/XmlSuite;Ljava/util/Map;Lorg/testng/ITestClass;[Lorg/testng/ITestNGMethod;[Lorg/testng/ITestNGMethod;Lorg/testng/internal/ConfigurationGroupMethods;Lorg/testng/internal/Invoker$FailureContext;)Lorg/testng/ITestResult;+29
j  org.testng.internal.Invoker.invokeTestMethods(Lorg/testng/ITestNGMethod;Lorg/testng/xml/XmlSuite;Ljava/util/Map;Lorg/testng/internal/ConfigurationGroupMethods;Ljava/lang/Object;Lorg/testng/ITestContext;)Ljava/util/List;+757
j  org.testng.internal.TestMethodWorker.invokeTestMethods(Lorg/testng/ITestNGMethod;Ljava/lang/Object;Lorg/testng/ITestContext;)V+19
j  org.testng.internal.TestMethodWorker.run()V+60
j  org.testng.TestRunner.privateRun(Lorg/testng/xml/XmlTest;)V+311
j  org.testng.TestRunner.run()V+26
j  org.testng.SuiteRunner.runTest(Lorg/testng/TestRunner;)V+1
j  org.testng.SuiteRunner.runSequentially()V+31
j  org.testng.SuiteRunner.privateRun()V+288
j  org.testng.SuiteRunner.run()V+6
j  org.testng.SuiteRunnerWorker.runSuite(Lorg/testng/internal/SuiteRunnerMap;Lorg/testng/xml/XmlSuite;)V+89
j  org.testng.SuiteRunnerWorker.run()V+12
j  org.testng.TestNG.runSuitesSequentially(Lorg/testng/xml/XmlSuite;Lorg/testng/internal/SuiteRunnerMap;ILjava/lang/String;)V+66
j  org.testng.TestNG.runSuitesLocally()Ljava/util/List;+143
j  org.testng.TestNG.runSuites()Ljava/util/List;+1
j  org.testng.TestNG.run()V+47
j  org.testng.remote.AbstractRemoteTestNG.run()V+149
j  org.testng.remote.RemoteTestNG.initAndRun(Lorg/testng/remote/IRemoteTestNG;[Ljava/lang/String;Lorg/testng/CommandLineArgs;Lorg/testng/remote/RemoteArgs;)V+184
j  org.testng.remote.RemoteTestNG.main([Ljava/lang/String;)V+201
v  ~StubRoutines::call_stub

---------------  P R O C E S S  ---------------

Threads class SMR info:
_java_thread_list=0x000001e6ab9a39d0, length=26, elements={
0x000001e6905e8860, 0x000001e6aa515150, 0x000001e6aa515f50, 0x000001e6aa55ce20,
0x000001e6aa55d6e0, 0x000001e6aa55efb0, 0x000001e6aa562d70, 0x000001e6aa5636e0,
0x000001e6ab040420, 0x000001e6ab041110, 0x000001e6ab1c8f30, 0x000001e6ab1ecc10,
0x000001e6ab1ed2f0, 0x000001e6ab1f2070, 0x000001e6ab1fb5f0, 0x000001e6abae0550,
0x000001e6acec1840, 0x000001e6acec0ea0, 0x000001e6acec1d10, 0x000001e6acec2b80,
0x000001e6acec1370, 0x000001e6acec0030, 0x000001e6acec39f0, 0x000001e6acec0500,
0x000001e6acec09d0, 0x000001e6aca08700
}

Java Threads: ( => current thread )
  0x000001e6905e8860 JavaThread "Forwarding findElement on session 54ebbbb4fe3bec2ce8c0fef72eee45df to remote" [_thread_blocked, id=2500, stack(0x0000000981700000,0x0000000981800000)]
  0x000001e6aa515150 JavaThread "Reference Handler" daemon [_thread_blocked, id=1812, stack(0x0000000981e00000,0x0000000981f00000)]
  0x000001e6aa515f50 JavaThread "Finalizer" daemon [_thread_blocked, id=20344, stack(0x0000000981f00000,0x0000000982000000)]
  0x000001e6aa55ce20 JavaThread "Signal Dispatcher" daemon [_thread_blocked, id=756, stack(0x0000000982000000,0x0000000982100000)]
  0x000001e6aa55d6e0 JavaThread "Attach Listener" daemon [_thread_blocked, id=19516, stack(0x0000000982100000,0x0000000982200000)]
  0x000001e6aa55efb0 JavaThread "Service Thread" daemon [_thread_blocked, id=20432, stack(0x0000000982200000,0x0000000982300000)]
  0x000001e6aa562d70 JavaThread "Monitor Deflation Thread" daemon [_thread_blocked, id=11724, stack(0x0000000982300000,0x0000000982400000)]
  0x000001e6aa5636e0 JavaThread "C2 CompilerThread0" daemon [_thread_blocked, id=8304, stack(0x0000000982400000,0x0000000982500000)]
  0x000001e6ab040420 JavaThread "C1 CompilerThread0" daemon [_thread_blocked, id=14824, stack(0x0000000982500000,0x0000000982600000)]
  0x000001e6ab041110 JavaThread "Sweeper thread" daemon [_thread_blocked, id=12512, stack(0x0000000982600000,0x0000000982700000)]
  0x000001e6ab1c8f30 JavaThread "JDWP Transport Listener: dt_socket" daemon [_thread_blocked, id=19396, stack(0x0000000982700000,0x0000000982800000)]
  0x000001e6ab1ecc10 JavaThread "JDWP Event Helper Thread" daemon [_thread_blocked, id=9048, stack(0x0000000982800000,0x0000000982900000)]
  0x000001e6ab1ed2f0 JavaThread "JDWP Command Reader" daemon [_thread_in_native, id=700, stack(0x0000000982900000,0x0000000982a00000)]
  0x000001e6ab1f2070 JavaThread "Notification Thread" daemon [_thread_blocked, id=20428, stack(0x0000000982a00000,0x0000000982b00000)]
  0x000001e6ab1fb5f0 JavaThread "Common-Cleaner" daemon [_thread_blocked, id=19564, stack(0x0000000982c00000,0x0000000982d00000)]
  0x000001e6abae0550 JavaThread "ReaderThread" [_thread_in_native, id=16112, stack(0x0000000982f00000,0x0000000983000000)]
  0x000001e6acec1840 JavaThread "AsyncHttpClient-1-1" daemon [_thread_blocked, id=6644, stack(0x0000000983c00000,0x0000000983d00000)]
  0x000001e6acec0ea0 JavaThread "Exec Default Executor" daemon [_thread_in_native, id=9556, stack(0x0000000983d00000,0x0000000983e00000)]
  0x000001e6acec1d10 JavaThread "Driver Service Executor" daemon [_thread_blocked, id=11464, stack(0x0000000983e00000,0x0000000983f00000)]
  0x000001e6acec2b80 JavaThread "Driver Service Executor" daemon [_thread_blocked, id=16716, stack(0x0000000983f00000,0x0000000984000000)]
  0x000001e6acec1370 JavaThread "Exec Stream Pumper" daemon [_thread_in_native, id=14276, stack(0x0000000984100000,0x0000000984200000)]
  0x000001e6acec0030 JavaThread "Exec Stream Pumper" daemon [_thread_in_native, id=17508, stack(0x0000000984200000,0x0000000984300000)]
  0x000001e6acec39f0 JavaThread "AsyncHttpClient-1-2" daemon [_thread_in_native, id=4956, stack(0x0000000983000000,0x0000000983100000)]
  0x000001e6acec0500 JavaThread "AsyncHttpClient-1-3" daemon [_thread_in_native, id=10884, stack(0x0000000984300000,0x0000000984400000)]
  0x000001e6acec09d0 JavaThread "AsyncHttpClient-1-4" daemon [_thread_in_native, id=9968, stack(0x0000000984400000,0x0000000984500000)]
  0x000001e6aca08700 JavaThread "AsyncHttpClient-1-5" daemon [_thread_blocked, id=5692, stack(0x0000000981400000,0x0000000981500000)]

Other Threads:
  0x000001e6aa4d4810 VMThread "VM Thread" [stack: 0x0000000981d00000,0x0000000981e00000] [id=13344]
  0x000001e6ab1f2540 WatcherThread [stack: 0x0000000982b00000,0x0000000982c00000] [id=9248]
  0x000001e690627b40 GCTaskThread "GC Thread#0" [stack: 0x0000000981800000,0x0000000981900000] [id=15540]
  0x000001e6ac0eb3d0 GCTaskThread "GC Thread#1" [stack: 0x0000000983100000,0x0000000983200000] [id=20212]
  0x000001e6ac001030 GCTaskThread "GC Thread#2" [stack: 0x0000000983200000,0x0000000983300000] [id=4192]
  0x000001e6ab930010 GCTaskThread "GC Thread#3" [stack: 0x0000000983300000,0x0000000983400000] [id=7676]
  0x000001e6ac02c0c0 GCTaskThread "GC Thread#4" [stack: 0x0000000983400000,0x0000000983500000] [id=728]
  0x000001e6ac02c780 GCTaskThread "GC Thread#5" [stack: 0x0000000983500000,0x0000000983600000] [id=19124]
  0x000001e6ac02d040 GCTaskThread "GC Thread#6" [stack: 0x0000000983600000,0x0000000983700000] [id=14640]
=>0x000001e6ac02d2f0 GCTaskThread "GC Thread#7" [stack: 0x0000000983700000,0x0000000983800000] [id=10320]
  0x000001e690638d30 ConcurrentGCThread "G1 Main Marker" [stack: 0x0000000981900000,0x0000000981a00000] [id=13360]
  0x000001e690639550 ConcurrentGCThread "G1 Conc#0" [stack: 0x0000000981a00000,0x0000000981b00000] [id=18948]
  0x000001e6ac7db630 ConcurrentGCThread "G1 Conc#1" [stack: 0x0000000983a00000,0x0000000983b00000] [id=16804]
  0x000001e6906a3d00 ConcurrentGCThread "G1 Refine#0" [stack: 0x0000000981b00000,0x0000000981c00000] [id=456]
  0x000001e6ac16efe0 ConcurrentGCThread "G1 Refine#1" [stack: 0x0000000983800000,0x0000000983900000] [id=14364]
  0x000001e6906a4530 ConcurrentGCThread "G1 Service" [stack: 0x0000000981c00000,0x0000000981d00000] [id=14504]

Threads with active compile tasks:

VM state: at safepoint (normal execution)

VM Mutex/Monitor currently owned by a thread:  ([mutex/lock_event])
[0x000001e6905e4720] Threads_lock - owner thread: 0x000001e6aa4d4810
[0x000001e6905e3d90] Heap_lock - owner thread: 0x000001e6aca08700

Heap address: 0x0000000081800000, size: 2024 MB, Compressed Oops mode: 32-bit

CDS archive(s) not mapped
Compressed class space mapped at: 0x0000000100000000-0x0000000140000000, reserved size: 1073741824
Narrow klass base: 0x0000000000000000, Narrow klass shift: 3, Narrow klass range: 0x140000000

GC Precious Log:
 CPUs: 8 total, 8 available
 Memory: 8092M
 Large Page Support: Disabled
 NUMA Support: Disabled
 Compressed Oops: Enabled (32-bit)
 Heap Region Size: 1M
 Heap Min Capacity: 8M
 Heap Initial Capacity: 128M
 Heap Max Capacity: 2024M
 Pre-touch: Disabled
 Parallel Workers: 8
 Concurrent Workers: 2
 Concurrent Refinement Workers: 8
 Periodic GC: Disabled

Heap:
 garbage-first heap   total 48128K, used 33109K [0x0000000081800000, 0x0000000100000000)
  region size 1024K, 10 young (10240K), 1 survivors (1024K)
 Metaspace       used 42485K, committed 42752K, reserved 1089536K
  class space    used 4834K, committed 4992K, reserved 1048576K

Heap Regions: E=young(eden), S=young(survivor), O=old, HS=humongous(starts), HC=humongous(continues), CS=collection set, F=free, OA=open archive, CA=closed archive, TAMS=top-at-mark-start (previous, next)
|   0|0x0000000081800000, 0x0000000081900000, 0x0000000081900000|100%|HS|  |TAMS 0x0000000081900000, 0x0000000081900000| Complete 
|   1|0x0000000081900000, 0x0000000081a00000, 0x0000000081a00000|100%|HC|  |TAMS 0x0000000081a00000, 0x0000000081a00000| Complete 
|   2|0x0000000081a00000, 0x0000000081b00000, 0x0000000081b00000|100%|HS|  |TAMS 0x0000000081b00000, 0x0000000081b00000| Complete 
|   3|0x0000000081b00000, 0x0000000081c00000, 0x0000000081c00000|100%| O|  |TAMS 0x0000000081c00000, 0x0000000081c00000| Untracked 
|   4|0x0000000081c00000, 0x0000000081d00000, 0x0000000081d00000|100%| O|  |TAMS 0x0000000081d00000, 0x0000000081d00000| Untracked 
|   5|0x0000000081d00000, 0x0000000081e00000, 0x0000000081e00000|100%| O|  |TAMS 0x0000000081e00000, 0x0000000081e00000| Untracked 
|   6|0x0000000081e00000, 0x0000000081f00000, 0x0000000081f00000|100%| O|  |TAMS 0x0000000081f00000, 0x0000000081f00000| Untracked 
|   7|0x0000000081f00000, 0x0000000082000000, 0x0000000082000000|100%| O|  |TAMS 0x0000000082000000, 0x0000000082000000| Untracked 
|   8|0x0000000082000000, 0x0000000082100000, 0x0000000082100000|100%| O|  |TAMS 0x0000000082100000, 0x0000000082100000| Untracked 
|   9|0x0000000082100000, 0x0000000082200000, 0x0000000082200000|100%| O|  |TAMS 0x0000000082200000, 0x0000000082200000| Untracked 
|  10|0x0000000082200000, 0x0000000082300000, 0x0000000082300000|100%| O|  |TAMS 0x0000000082200000, 0x0000000082300000| Untracked 
|  11|0x0000000082300000, 0x0000000082400000, 0x0000000082400000|100%| O|  |TAMS 0x0000000082400000, 0x0000000082400000| Untracked 
|  12|0x0000000082400000, 0x0000000082500000, 0x0000000082500000|100%| O|  |TAMS 0x0000000082500000, 0x0000000082500000| Untracked 
|  13|0x0000000082500000, 0x0000000082600000, 0x0000000082600000|100%| O|  |TAMS 0x0000000082600000, 0x0000000082600000| Untracked 
|  14|0x0000000082600000, 0x0000000082700000, 0x0000000082700000|100%| O|  |TAMS 0x000000008265a400, 0x0000000082700000| Untracked 
|  15|0x0000000082700000, 0x0000000082800000, 0x0000000082800000|100%| O|  |TAMS 0x0000000082700000, 0x0000000082800000| Untracked 
|  16|0x0000000082800000, 0x0000000082900000, 0x0000000082900000|100%|HS|  |TAMS 0x0000000082800000, 0x0000000082900000| Complete 
|  17|0x0000000082900000, 0x0000000082a00000, 0x0000000082a00000|100%|HC|  |TAMS 0x0000000082900000, 0x0000000082a00000| Complete 
|  18|0x0000000082a00000, 0x0000000082b00000, 0x0000000082b00000|100%|HC|  |TAMS 0x0000000082a00000, 0x0000000082b00000| Complete 
|  19|0x0000000082b00000, 0x0000000082c00000, 0x0000000082c00000|100%|HC|  |TAMS 0x0000000082b00000, 0x0000000082c00000| Complete 
|  20|0x0000000082c00000, 0x0000000082d00000, 0x0000000082d00000|100%|HC|  |TAMS 0x0000000082c00000, 0x0000000082d00000| Complete 
|  21|0x0000000082d00000, 0x0000000082e00000, 0x0000000082e00000|100%| O|  |TAMS 0x0000000082d00000, 0x0000000082e00000| Untracked 
|  22|0x0000000082e00000, 0x0000000082f00000, 0x0000000082f00000|100%| O|  |TAMS 0x0000000082e00000, 0x0000000082eeb600| Untracked 
|  23|0x0000000082f00000, 0x0000000082ff9900, 0x0000000083000000| 97%| O|  |TAMS 0x0000000082f00000, 0x0000000082f00000| Untracked 
|  24|0x0000000083000000, 0x0000000083000000, 0x0000000083100000|  0%| F|  |TAMS 0x0000000083000000, 0x0000000083000000| Untracked 
|  25|0x0000000083100000, 0x0000000083100000, 0x0000000083200000|  0%| F|  |TAMS 0x0000000083100000, 0x0000000083100000| Untracked 
|  26|0x0000000083200000, 0x0000000083200000, 0x0000000083300000|  0%| F|  |TAMS 0x0000000083200000, 0x0000000083200000| Untracked 
|  27|0x0000000083300000, 0x0000000083300000, 0x0000000083400000|  0%| F|  |TAMS 0x0000000083300000, 0x0000000083300000| Untracked 
|  28|0x0000000083400000, 0x0000000083400000, 0x0000000083500000|  0%| F|  |TAMS 0x0000000083400000, 0x0000000083400000| Untracked 
|  29|0x0000000083500000, 0x0000000083500000, 0x0000000083600000|  0%| F|  |TAMS 0x0000000083500000, 0x0000000083500000| Untracked 
|  30|0x0000000083600000, 0x0000000083600000, 0x0000000083700000|  0%| F|  |TAMS 0x0000000083600000, 0x0000000083600000| Untracked 
|  31|0x0000000083700000, 0x0000000083700000, 0x0000000083800000|  0%| F|  |TAMS 0x0000000083700000, 0x0000000083700000| Untracked 
|  32|0x0000000083800000, 0x0000000083840010, 0x0000000083900000| 25%| E|CS|TAMS 0x0000000083800000, 0x0000000083840010| Complete 
|  33|0x0000000083900000, 0x0000000083a00000, 0x0000000083a00000|100%| E|CS|TAMS 0x0000000083900000, 0x0000000083a00000| Complete 
|  34|0x0000000083a00000, 0x0000000083a00000, 0x0000000083b00000|  0%| F|  |TAMS 0x0000000083a00000, 0x0000000083a00000| Untracked 
|  35|0x0000000083b00000, 0x0000000083b00000, 0x0000000083c00000|  0%| F|  |TAMS 0x0000000083b00000, 0x0000000083b00000| Untracked 
|  36|0x0000000083c00000, 0x0000000083c00000, 0x0000000083d00000|  0%| F|  |TAMS 0x0000000083c00000, 0x0000000083c00000| Untracked 
|  37|0x0000000083d00000, 0x0000000083d581a0, 0x0000000083e00000| 34%| S|  |TAMS 0x0000000083d00000, 0x0000000083d00000| Complete 
|  38|0x0000000083e00000, 0x0000000083e2a1c0, 0x0000000083f00000| 16%| E|CS|TAMS 0x0000000083e00000, 0x0000000083e2a1c0| Complete 
|  39|0x0000000083f00000, 0x0000000084000000, 0x0000000084000000|100%| E|CS|TAMS 0x0000000083f00000, 0x0000000084000000| Complete 
|  40|0x0000000084000000, 0x0000000084100000, 0x0000000084100000|100%| E|CS|TAMS 0x0000000084000000, 0x0000000084100000| Complete 
|  41|0x0000000084100000, 0x0000000084200000, 0x0000000084200000|100%| E|CS|TAMS 0x0000000084100000, 0x0000000084200000| Complete 
|  42|0x0000000084200000, 0x0000000084300000, 0x0000000084300000|100%| E|CS|TAMS 0x0000000084200000, 0x0000000084300000| Complete 
|  43|0x0000000084300000, 0x0000000084400000, 0x0000000084400000|100%| E|CS|TAMS 0x0000000084300000, 0x0000000084400000| Complete 
| 108|0x0000000088400000, 0x0000000088500000, 0x0000000088500000|100%| E|CS|TAMS 0x0000000088400000, 0x0000000088500000| Complete 
| 109|0x0000000088500000, 0x0000000088600000, 0x0000000088600000|100%| E|CS|TAMS 0x0000000088500000, 0x0000000088600000| Complete 
| 127|0x0000000089700000, 0x0000000089800000, 0x0000000089800000|100%| E|CS|TAMS 0x0000000089700000, 0x0000000089800000| Complete 

Card table byte_map: [0x000001e6a33b0000,0x000001e6a37b0000] _byte_map_base: 0x000001e6a2fa4000

Marking Bits (Prev, Next): (CMBitMap*) 0x000001e690627f60, (CMBitMap*) 0x000001e690627fa0
 Prev Bits: [0x000001e6a3bb0000, 0x000001e6a5b50000)
 Next Bits: [0x000001e6a5b50000, 0x000001e6a7af0000)

Polling page: 0x000001e68fdb0000

Metaspace:

Usage:
  Non-class:     36.77 MB used.
      Class:      4.72 MB used.
       Both:     41.49 MB used.

Virtual space:
  Non-class space:       40.00 MB reserved,      36.88 MB ( 92%) committed,  5 nodes.
      Class space:        1.00 GB reserved,       4.88 MB ( <1%) committed,  1 nodes.
             Both:        1.04 GB reserved,      41.75 MB (  4%) committed. 

Chunk freelists:
   Non-Class:  3.00 MB
       Class:  3.17 MB
        Both:  6.17 MB

MaxMetaspaceSize: unlimited
CompressedClassSpaceSize: 1.00 GB
Initial GC threshold: 21.00 MB
Current GC threshold: 58.75 MB
CDS: off
MetaspaceReclaimPolicy: balanced
 - commit_granule_bytes: 65536.
 - commit_granule_words: 8192.
 - virtual_space_node_default_size: 1048576.
 - enlarge_chunks_in_place: 1.
 - new_chunks_are_fully_committed: 0.
 - uncommit_free_chunks: 1.
 - use_allocation_guard: 0.
 - handle_deallocations: 1.


Internal statistics:

num_allocs_failed_limit: 6.
num_arena_births: 194.
num_arena_deaths: 0.
num_vsnodes_births: 6.
num_vsnodes_deaths: 0.
num_space_committed: 668.
num_space_uncommitted: 0.
num_chunks_returned_to_freelist: 6.
num_chunks_taken_from_freelist: 1058.
num_chunk_merges: 6.
num_chunk_splits: 773.
num_chunks_enlarged: 639.
num_purges: 0.
num_inconsistent_stats: 0.

CodeHeap 'non-profiled nmethods': size=120000Kb used=1983Kb max_used=1983Kb free=118016Kb
 bounds [0x000001e69b750000, 0x000001e69b9c0000, 0x000001e6a2c80000]
CodeHeap 'profiled nmethods': size=120000Kb used=7654Kb max_used=7654Kb free=112345Kb
 bounds [0x000001e694220000, 0x000001e6949a0000, 0x000001e69b750000]
CodeHeap 'non-nmethods': size=5760Kb used=1394Kb max_used=1484Kb free=4366Kb
 bounds [0x000001e693c80000, 0x000001e693ef0000, 0x000001e694220000]
 total_blobs=4582 nmethods=3935 adapters=558
 compilation: enabled
              stopped_count=0, restarted_count=0
 full_count=0

Compilation events (20 events):
Event: 642.664 Thread 0x000001e6aa5636e0 3927       4       java.util.concurrent.ConcurrentHashMap$ValueIterator::next (34 bytes)
Event: 642.682 Thread 0x000001e6aa5636e0 nmethod 3927 0x000001e69b93ea90 code [0x000001e69b93ec20, 0x000001e69b93f0b8]
Event: 1244.356 Thread 0x000001e6aa5636e0 3928       4       java.util.concurrent.atomic.AtomicLong::incrementAndGet (14 bytes)
Event: 1244.357 Thread 0x000001e6aa5636e0 nmethod 3928 0x000001e69b93f310 code [0x000001e69b93f480, 0x000001e69b93f518]
Event: 1452.263 Thread 0x000001e6aa5636e0 3929       4       java.util.concurrent.ConcurrentLinkedDeque$Itr::nextNode (9 bytes)
Event: 1452.266 Thread 0x000001e6aa5636e0 nmethod 3929 0x000001e69b93f610 code [0x000001e69b93f7a0, 0x000001e69b93f888]
Event: 1803.156 Thread 0x000001e6aa5636e0 3930       4       io.netty.util.internal.shaded.org.jctools.util.UnsafeRefArrayAccess::soRefElement (10 bytes)
Event: 1803.161 Thread 0x000001e6aa5636e0 nmethod 3930 0x000001e69b93f990 code [0x000001e69b93fb00, 0x000001e69b93fc18]
Event: 2374.183 Thread 0x000001e6ab040420 3931       3       java.lang.reflect.AnnotatedElement::isAnnotationPresent (16 bytes)
Event: 2374.183 Thread 0x000001e6ab040420 nmethod 3931 0x000001e694997090 code [0x000001e694997240, 0x000001e694997468]
Event: 2374.184 Thread 0x000001e6ab040420 3932       3       java.lang.reflect.AccessibleObject::isAnnotationPresent (6 bytes)
Event: 2374.184 Thread 0x000001e6ab040420 nmethod 3932 0x000001e694997510 code [0x000001e6949976c0, 0x000001e694997948]
Event: 2374.185 Thread 0x000001e6ab040420 3933       3       io.netty.util.internal.MathUtil::safeFindNextPositivePowerOfTwo (24 bytes)
Event: 2374.185 Thread 0x000001e6ab040420 nmethod 3933 0x000001e694997a10 code [0x000001e694997bc0, 0x000001e694997d88]
Event: 2374.185 Thread 0x000001e6ab040420 3936       3       java.util.AbstractQueue::<init> (5 bytes)
Event: 2374.185 Thread 0x000001e6ab040420 nmethod 3936 0x000001e694997e10 code [0x000001e694997fc0, 0x000001e694998178]
Event: 2374.185 Thread 0x000001e6ab040420 3934       3       io.netty.buffer.PoolThreadCache$MemoryRegionCache::<init> (29 bytes)
Event: 2374.186 Thread 0x000001e6ab040420 nmethod 3934 0x000001e694998290 code [0x000001e6949984c0, 0x000001e694998d18]
Event: 2374.186 Thread 0x000001e6ab040420 3935       3       io.netty.util.internal.PlatformDependent::newFixedMpscQueue (26 bytes)
Event: 2374.187 Thread 0x000001e6ab040420 nmethod 3935 0x000001e694999090 code [0x000001e694999280, 0x000001e6949997e8]

GC Heap History (17 events):
Event: 0.838 GC heap before
{Heap before GC invocations=0 (full 0):
 garbage-first heap   total 131072K, used 25600K [0x0000000081800000, 0x0000000100000000)
  region size 1024K, 23 young (23552K), 0 survivors (0K)
 Metaspace       used 15273K, committed 15488K, reserved 1064960K
  class space    used 1477K, committed 1600K, reserved 1048576K
}
Event: 0.844 GC heap after
{Heap after GC invocations=1 (full 0):
 garbage-first heap   total 131072K, used 10837K [0x0000000081800000, 0x0000000100000000)
  region size 1024K, 3 young (3072K), 3 survivors (3072K)
 Metaspace       used 15273K, committed 15488K, reserved 1064960K
  class space    used 1477K, committed 1600K, reserved 1048576K
}
Event: 1.471 GC heap before
{Heap before GC invocations=1 (full 0):
 garbage-first heap   total 131072K, used 28245K [0x0000000081800000, 0x0000000100000000)
  region size 1024K, 21 young (21504K), 3 survivors (3072K)
 Metaspace       used 21318K, committed 21504K, reserved 1073152K
  class space    used 2147K, committed 2240K, reserved 1048576K
}
Event: 1.475 GC heap after
{Heap after GC invocations=2 (full 0):
 garbage-first heap   total 131072K, used 12636K [0x0000000081800000, 0x0000000100000000)
  region size 1024K, 2 young (2048K), 2 survivors (2048K)
 Metaspace       used 21318K, committed 21504K, reserved 1073152K
  class space    used 2147K, committed 2240K, reserved 1048576K
}
Event: 1.916 GC heap before
{Heap before GC invocations=3 (full 0):
 garbage-first heap   total 48128K, used 33116K [0x0000000081800000, 0x0000000100000000)
  region size 1024K, 23 young (23552K), 2 survivors (2048K)
 Metaspace       used 26956K, committed 27136K, reserved 1081344K
  class space    used 2808K, committed 2880K, reserved 1048576K
}
Event: 1.919 GC heap after
{Heap after GC invocations=4 (full 0):
 garbage-first heap   total 48128K, used 14035K [0x0000000081800000, 0x0000000100000000)
  region size 1024K, 4 young (4096K), 4 survivors (4096K)
 Metaspace       used 26956K, committed 27136K, reserved 1081344K
  class space    used 2808K, committed 2880K, reserved 1048576K
}
Event: 1.933 GC heap before
{Heap before GC invocations=4 (full 0):
 garbage-first heap   total 48128K, used 15059K [0x0000000081800000, 0x0000000100000000)
  region size 1024K, 5 young (5120K), 4 survivors (4096K)
 Metaspace       used 27276K, committed 27392K, reserved 1081344K
  class space    used 2831K, committed 2880K, reserved 1048576K
}
Event: 1.935 GC heap after
{Heap after GC invocations=5 (full 0):
 garbage-first heap   total 48128K, used 14204K [0x0000000081800000, 0x0000000100000000)
  region size 1024K, 1 young (1024K), 1 survivors (1024K)
 Metaspace       used 27276K, committed 27392K, reserved 1081344K
  class space    used 2831K, committed 2880K, reserved 1048576K
}
Event: 2.284 GC heap before
{Heap before GC invocations=5 (full 0):
 garbage-first heap   total 48128K, used 29564K [0x0000000081800000, 0x0000000100000000)
  region size 1024K, 17 young (17408K), 1 survivors (1024K)
 Metaspace       used 30733K, committed 30976K, reserved 1081344K
  class space    used 3292K, committed 3392K, reserved 1048576K
}
Event: 2.286 GC heap after
{Heap after GC invocations=6 (full 0):
 garbage-first heap   total 48128K, used 15970K [0x0000000081800000, 0x0000000100000000)
  region size 1024K, 3 young (3072K), 3 survivors (3072K)
 Metaspace       used 30733K, committed 30976K, reserved 1081344K
  class space    used 3292K, committed 3392K, reserved 1048576K
}
Event: 2.639 GC heap before
{Heap before GC invocations=6 (full 0):
 garbage-first heap   total 48128K, used 29282K [0x0000000081800000, 0x0000000100000000)
  region size 1024K, 17 young (17408K), 3 survivors (3072K)
 Metaspace       used 35776K, committed 35968K, reserved 1081344K
  class space    used 3933K, committed 4032K, reserved 1048576K
}
Event: 2.642 GC heap after
{Heap after GC invocations=7 (full 0):
 garbage-first heap   total 48128K, used 17386K [0x0000000081800000, 0x0000000100000000)
  region size 1024K, 2 young (2048K), 2 survivors (2048K)
 Metaspace       used 35776K, committed 35968K, reserved 1081344K
  class space    used 3933K, committed 4032K, reserved 1048576K
}
Event: 3.807 GC heap before
{Heap before GC invocations=8 (full 0):
 garbage-first heap   total 48128K, used 37866K [0x0000000081800000, 0x0000000100000000)
  region size 1024K, 18 young (18432K), 2 survivors (2048K)
 Metaspace       used 40537K, committed 40768K, reserved 1089536K
  class space    used 4647K, committed 4736K, reserved 1048576K
}
Event: 3.810 GC heap after
{Heap after GC invocations=9 (full 0):
 garbage-first heap   total 48128K, used 23543K [0x0000000081800000, 0x0000000100000000)
  region size 1024K, 3 young (3072K), 3 survivors (3072K)
 Metaspace       used 40537K, committed 40768K, reserved 1089536K
  class space    used 4647K, committed 4736K, reserved 1048576K
}
Event: 39.437 GC heap before
{Heap before GC invocations=9 (full 0):
 garbage-first heap   total 48128K, used 35831K [0x0000000081800000, 0x0000000100000000)
  region size 1024K, 16 young (16384K), 3 survivors (3072K)
 Metaspace       used 42239K, committed 42560K, reserved 1089536K
  class space    used 4830K, committed 4992K, reserved 1048576K
}
Event: 39.441 GC heap after
{Heap after GC invocations=10 (full 0):
 garbage-first heap   total 48128K, used 24749K [0x0000000081800000, 0x0000000100000000)
  region size 1024K, 2 young (2048K), 2 survivors (2048K)
 Metaspace       used 42239K, committed 42560K, reserved 1089536K
  class space    used 4830K, committed 4992K, reserved 1048576K
}
Event: 2374.187 GC heap before
{Heap before GC invocations=10 (full 0):
 garbage-first heap   total 48128K, used 31917K [0x0000000081800000, 0x0000000100000000)
  region size 1024K, 11 young (11264K), 2 survivors (2048K)
 Metaspace       used 42485K, committed 42752K, reserved 1089536K
  class space    used 4834K, committed 4992K, reserved 1048576K
}

Deoptimization events (20 events):
Event: 82.655 Thread 0x000001e6905e8860 DEOPT PACKING pc=0x000001e694897f7c sp=0x00000009817fc490
Event: 82.655 Thread 0x000001e6905e8860 DEOPT UNPACKING pc=0x000001e693cd2b43 sp=0x00000009817fb9e0 mode 1
Event: 82.655 Thread 0x000001e6905e8860 DEOPT PACKING pc=0x000001e69485419c sp=0x00000009817fc5a0
Event: 82.655 Thread 0x000001e6905e8860 DEOPT UNPACKING pc=0x000001e693cd2b43 sp=0x00000009817fbb00 mode 1
Event: 82.655 Thread 0x000001e6905e8860 DEOPT PACKING pc=0x000001e694897f7c sp=0x00000009817fc510
Event: 82.655 Thread 0x000001e6905e8860 DEOPT UNPACKING pc=0x000001e693cd2b43 sp=0x00000009817fba60 mode 1
Event: 82.655 Thread 0x000001e6905e8860 DEOPT PACKING pc=0x000001e69485419c sp=0x00000009817fc620
Event: 82.655 Thread 0x000001e6905e8860 DEOPT UNPACKING pc=0x000001e693cd2b43 sp=0x00000009817fbb80 mode 1
Event: 82.655 Thread 0x000001e6905e8860 DEOPT PACKING pc=0x000001e694897f7c sp=0x00000009817fc490
Event: 82.655 Thread 0x000001e6905e8860 DEOPT UNPACKING pc=0x000001e693cd2b43 sp=0x00000009817fb9e0 mode 1
Event: 82.655 Thread 0x000001e6905e8860 DEOPT PACKING pc=0x000001e69485419c sp=0x00000009817fc5a0
Event: 82.655 Thread 0x000001e6905e8860 DEOPT UNPACKING pc=0x000001e693cd2b43 sp=0x00000009817fbb00 mode 1
Event: 82.655 Thread 0x000001e6905e8860 DEOPT PACKING pc=0x000001e694897f7c sp=0x00000009817fc510
Event: 82.655 Thread 0x000001e6905e8860 DEOPT UNPACKING pc=0x000001e693cd2b43 sp=0x00000009817fba60 mode 1
Event: 82.655 Thread 0x000001e6905e8860 DEOPT PACKING pc=0x000001e69485419c sp=0x00000009817fc620
Event: 82.655 Thread 0x000001e6905e8860 DEOPT UNPACKING pc=0x000001e693cd2b43 sp=0x00000009817fbb80 mode 1
Event: 82.655 Thread 0x000001e6905e8860 DEOPT PACKING pc=0x000001e694897f7c sp=0x00000009817fc490
Event: 82.655 Thread 0x000001e6905e8860 DEOPT UNPACKING pc=0x000001e693cd2b43 sp=0x00000009817fb9e0 mode 1
Event: 82.655 Thread 0x000001e6905e8860 DEOPT PACKING pc=0x000001e69485419c sp=0x00000009817fc5a0
Event: 82.655 Thread 0x000001e6905e8860 DEOPT UNPACKING pc=0x000001e693cd2b43 sp=0x00000009817fbb00 mode 1

Classes unloaded (0 events):
No events

Classes redefined (1 events):
Event: 2297.323 Thread 0x000001e6aa4d4810 redefined class name=flightbookingAssignTask.TripTypeSearchPage, count=1

Internal exceptions (20 events):
Event: 2.720 Thread 0x000001e6acec0ea0 Exception <a 'java/lang/NoSuchMethodError'{0x00000000884b2138}: 'java.lang.Object java.lang.invoke.Invokers$Holder.linkToTargetMethod(java.lang.Object, long, java.lang.Object)'> (0x00000000884b2138) 
thrown [e:\jenkins\tmp\workspace\build\src\src\hotspot\share\interpreter\linkResolver.cpp, line 766]
Event: 2.728 Thread 0x000001e6acec3520 Exception <a 'java/net/ConnectException'{0x000000008848a9c8}: Connection refused: no further information> (0x000000008848a9c8) 
thrown [e:\jenkins\tmp\workspace\build\src\src\hotspot\share\prims\jni.cpp, line 535]
Event: 2.728 Thread 0x000001e6acec3520 Exception <a 'java/net/SocketException'{0x000000008848ad00}: Socket is not connected: shutdown> (0x000000008848ad00) 
thrown [e:\jenkins\tmp\workspace\build\src\src\hotspot\share\prims\jni.cpp, line 535]
Event: 2.759 Thread 0x000001e6acec3520 Exception <a 'java/net/ConnectException'{0x000000008848bd48}: Connection refused: no further information> (0x000000008848bd48) 
thrown [e:\jenkins\tmp\workspace\build\src\src\hotspot\share\prims\jni.cpp, line 535]
Event: 2.759 Thread 0x000001e6acec3520 Exception <a 'java/net/SocketException'{0x000000008848c080}: Socket is not connected: shutdown> (0x000000008848c080) 
thrown [e:\jenkins\tmp\workspace\build\src\src\hotspot\share\prims\jni.cpp, line 535]
Event: 2.818 Thread 0x000001e6905e8860 Exception <a 'java/lang/NoSuchMethodError'{0x0000000084342a88}: 'int java.lang.invoke.DirectMethodHandle$Holder.invokeVirtual(java.lang.Object, java.lang.Object)'> (0x0000000084342a88) 
thrown [e:\jenkins\tmp\workspace\build\src\src\hotspot\share\interpreter\linkResolver.cpp, line 766]
Event: 2.819 Thread 0x000001e6905e8860 Exception <a 'java/lang/NoSuchMethodError'{0x0000000084348f70}: 'double java.lang.invoke.DirectMethodHandle$Holder.invokeVirtual(java.lang.Object, java.lang.Object)'> (0x0000000084348f70) 
thrown [e:\jenkins\tmp\workspace\build\src\src\hotspot\share\interpreter\linkResolver.cpp, line 766]
Event: 2.820 Thread 0x000001e6905e8860 Exception <a 'java/lang/NoSuchMethodError'{0x000000008434f718}: 'float java.lang.invoke.DirectMethodHandle$Holder.invokeVirtual(java.lang.Object, java.lang.Object)'> (0x000000008434f718) 
thrown [e:\jenkins\tmp\workspace\build\src\src\hotspot\share\interpreter\linkResolver.cpp, line 766]
Event: 2.821 Thread 0x000001e6905e8860 Exception <a 'java/lang/NoSuchMethodError'{0x0000000084359000}: 'long java.lang.invoke.DirectMethodHandle$Holder.invokeVirtual(java.lang.Object, java.lang.Object)'> (0x0000000084359000) 
thrown [e:\jenkins\tmp\workspace\build\src\src\hotspot\share\interpreter\linkResolver.cpp, line 766]
Event: 2.855 Thread 0x000001e6905e8860 Exception <a 'java/lang/NoSuchMethodError'{0x000000008429e150}: 'void java.lang.invoke.DirectMethodHandle$Holder.invokeSpecial(java.lang.Object, java.lang.Object, java.lang.Object, java.lang.Object, java.lang.Object)'> (0x000000008429e150) 
thrown [e:\jenkins\tmp\workspace\build\src\src\hotspot\share\interpreter\linkResolver.cpp, line 766]
Event: 2.856 Thread 0x000001e6905e8860 Exception <a 'java/lang/NoSuchMethodError'{0x00000000842a5288}: 'void java.lang.invoke.DirectMethodHandle$Holder.invokeStatic(java.lang.Object, java.lang.Object, int)'> (0x00000000842a5288) 
thrown [e:\jenkins\tmp\workspace\build\src\src\hotspot\share\interpreter\linkResolver.cpp, line 766]
Event: 2.875 Thread 0x000001e6905e8860 Exception <a 'java/lang/NoSuchMethodError'{0x000000008415a7a0}: 'java.lang.Object java.lang.invoke.DirectMethodHandle$Holder.newInvokeSpecial(java.lang.Object, java.lang.Object, java.lang.Object, java.lang.Object, java.lang.Object)'> (0x000000008415a7a0) 
thrown [e:\jenkins\tmp\workspace\build\src\src\hotspot\share\interpreter\linkResolver.cpp, line 766]
Event: 2.892 Thread 0x000001e6905e8860 Exception <a 'java/lang/NoSuchMethodError'{0x0000000084029f40}: 'int java.lang.invoke.DirectMethodHandle$Holder.invokeSpecialIFC(java.lang.Object, java.lang.Object, java.lang.Object)'> (0x0000000084029f40) 
thrown [e:\jenkins\tmp\workspace\build\src\src\hotspot\share\interpreter\linkResolver.cpp, line 766]
Event: 2.910 Thread 0x000001e6905e8860 Exception <a 'java/lang/NoSuchMethodError'{0x0000000083f1e5a8}: 'void java.lang.invoke.DirectMethodHandle$Holder.invokeStatic(java.lang.Object, java.lang.Object, java.lang.Object, java.lang.Object)'> (0x0000000083f1e5a8) 
thrown [e:\jenkins\tmp\workspace\build\src\src\hotspot\share\interpreter\linkResolver.cpp, line 766]
Event: 2.945 Thread 0x000001e6905e8860 Exception <a 'java/lang/NoSuchMethodError'{0x0000000083ed8ec0}: 'void java.lang.invoke.DirectMethodHandle$Holder.invokeSpecial(java.lang.Object, java.lang.Object, java.lang.Object, java.lang.Object, java.lang.Object, java.lang.Object)'> (0x0000000083ed8ec0) 
thrown [e:\jenkins\tmp\workspace\build\src\src\hotspot\share\interpreter\linkResolver.cpp, line 766]
Event: 3.795 Thread 0x000001e6905e8860 Exception <a 'java/lang/NoSuchMethodError'{0x00000000835a8bc8}: 'java.lang.Object java.lang.invoke.DirectMethodHandle$Holder.invokeSpecialIFC(java.lang.Object, java.lang.Object, java.lang.Object)'> (0x00000000835a8bc8) 
thrown [e:\jenkins\tmp\workspace\build\src\src\hotspot\share\interpreter\linkResolver.cpp, line 766]
Event: 3.818 Thread 0x000001e6905e8860 Exception <a 'java/lang/ClassNotFoundException'{0x0000000089726fd8}: sun/util/logging/resources/spi/loggingProvider> (0x0000000089726fd8) 
thrown [e:\jenkins\tmp\workspace\build\src\src\hotspot\share\classfile\systemDictionary.cpp, line 256]
Event: 7.810 Thread 0x000001e6905e8860 Implicit null exception at 0x000001e69b82dc5c to 0x000001e69b82defc
Event: 10.206 Thread 0x000001e6905e8860 Exception <a 'sun/nio/fs/WindowsException'{0x0000000083d80f98}> (0x0000000083d80f98) 
thrown [e:\jenkins\tmp\workspace\build\src\src\hotspot\share\prims\jni.cpp, line 516]
Event: 82.639 Thread 0x000001e6905e8860 Exception <a 'sun/nio/fs/WindowsException'{0x00000000841f95a0}> (0x00000000841f95a0) 
thrown [e:\jenkins\tmp\workspace\build\src\src\hotspot\share\prims\jni.cpp, line 516]

VM Operations (20 events):
Event: 2298.510 Executing VM operation: get/set locals done
Event: 2298.511 Executing VM operation: get/set locals
Event: 2298.511 Executing VM operation: get/set locals done
Event: 2298.511 Executing VM operation: get/set locals
Event: 2298.512 Executing VM operation: get/set locals done
Event: 2298.512 Executing VM operation: get/set locals
Event: 2298.512 Executing VM operation: get/set locals done
Event: 2298.513 Executing VM operation: get/set locals
Event: 2298.513 Executing VM operation: get/set locals done
Event: 2298.514 Executing VM operation: get/set locals
Event: 2298.514 Executing VM operation: get/set locals done
Event: 2298.514 Executing VM operation: get/set locals
Event: 2298.515 Executing VM operation: get/set locals done
Event: 2298.515 Executing VM operation: get/set locals
Event: 2298.515 Executing VM operation: get/set locals done
Event: 2298.516 Executing VM operation: get/set locals
Event: 2298.516 Executing VM operation: get/set locals done
Event: 2298.516 Executing VM operation: get/set locals
Event: 2298.516 Executing VM operation: get/set locals done
Event: 2374.187 Executing VM operation: G1TryInitiateConcMark

Events (20 events):
Event: 31.674 loading class sun/util/locale/provider/BaseLocaleDataMetaInfo done
Event: 31.677 loading class sun/util/resources/cldr/TimeZoneNames
Event: 31.677 loading class sun/util/resources/TimeZoneNamesBundle
Event: 31.678 loading class sun/util/resources/OpenListResourceBundle
Event: 31.678 loading class sun/util/resources/OpenListResourceBundle done
Event: 31.678 loading class sun/util/resources/TimeZoneNamesBundle done
Event: 31.678 loading class sun/util/resources/cldr/TimeZoneNames done
Event: 31.678 loading class sun/util/resources/cldr/TimeZoneNames_en
Event: 31.681 loading class sun/util/resources/cldr/TimeZoneNames_en done
Event: 31.682 loading class sun/util/resources/cldr/TimeZoneNames_en_US
Event: 31.682 loading class sun/util/resources/cldr/TimeZoneNames_en_US done
Event: 31.685 loading class sun/util/resources/TimeZoneNames
Event: 31.687 loading class sun/util/resources/TimeZoneNames done
Event: 31.688 loading class sun/util/resources/TimeZoneNames_en
Event: 31.688 loading class sun/util/resources/TimeZoneNames_en done
Event: 62.816 Thread 0x000001e6acec3520 Thread exited: 0x000001e6acec3520
Event: 63.865 Thread 0x000001e6acec21e0 Thread exited: 0x000001e6acec21e0
Event: 321.348 loading class java/util/concurrent/ConcurrentLinkedQueue$Itr
Event: 321.348 loading class java/util/concurrent/ConcurrentLinkedQueue$Itr done
Event: 2374.181 Thread 0x000001e6aca08700 Thread added: 0x000001e6aca08700


Dynamic libraries:
0x00007ff6afea0000 - 0x00007ff6afeae000 	D:\eclipse\plugins\org.eclipse.justj.openjdk.hotspot.jre.full.win32.x86_64_17.0.1.v20211116-1657\jre\bin\javaw.exe
0x00007ffe514b0000 - 0x00007ffe516a8000 	C:\WINDOWS\SYSTEM32\ntdll.dll
0x00007ffe51150000 - 0x00007ffe51212000 	C:\WINDOWS\System32\KERNEL32.DLL
0x00007ffe4ecc0000 - 0x00007ffe4efb6000 	C:\WINDOWS\System32\KERNELBASE.dll
0x00007ffe4f8d0000 - 0x00007ffe4f97f000 	C:\WINDOWS\System32\ADVAPI32.DLL
0x00007ffe500d0000 - 0x00007ffe5016e000 	C:\WINDOWS\System32\msvcrt.dll
0x00007ffe51220000 - 0x00007ffe512bf000 	C:\WINDOWS\System32\sechost.dll
0x00007ffe503a0000 - 0x00007ffe504c3000 	C:\WINDOWS\System32\RPCRT4.dll
0x00007ffe4ec40000 - 0x00007ffe4ec67000 	C:\WINDOWS\System32\bcrypt.dll
0x00007ffe4eb40000 - 0x00007ffe4ec40000 	C:\WINDOWS\System32\ucrtbase.dll
0x00007ffe42f20000 - 0x00007ffe42f39000 	D:\eclipse\plugins\org.eclipse.justj.openjdk.hotspot.jre.full.win32.x86_64_17.0.1.v20211116-1657\jre\bin\VCRUNTIME140.dll
0x00007ffe44bc0000 - 0x00007ffe44bd8000 	D:\eclipse\plugins\org.eclipse.justj.openjdk.hotspot.jre.full.win32.x86_64_17.0.1.v20211116-1657\jre\bin\jli.dll
0x00007ffe4f730000 - 0x00007ffe4f8cd000 	C:\WINDOWS\System32\USER32.dll
0x00007ffe4f4a0000 - 0x00007ffe4f4c2000 	C:\WINDOWS\System32\win32u.dll
0x00007ffe4dea0000 - 0x00007ffe4e13a000 	C:\WINDOWS\WinSxS\amd64_microsoft.windows.common-controls_6595b64144ccf1df_6.0.19041.4355_none_60b8b9eb71f62e16\COMCTL32.dll
0x00007ffe509b0000 - 0x00007ffe509db000 	C:\WINDOWS\System32\GDI32.dll
0x00007ffe4f270000 - 0x00007ffe4f38a000 	C:\WINDOWS\System32\gdi32full.dll
0x00007ffe4f1d0000 - 0x00007ffe4f26d000 	C:\WINDOWS\System32\msvcp_win.dll
0x00007ffe4f580000 - 0x00007ffe4f5af000 	C:\WINDOWS\System32\IMM32.DLL
0x00007ffe4cba0000 - 0x00007ffe4cbac000 	D:\eclipse\plugins\org.eclipse.justj.openjdk.hotspot.jre.full.win32.x86_64_17.0.1.v20211116-1657\jre\bin\vcruntime140_1.dll
0x00007ffe385d0000 - 0x00007ffe38661000 	D:\eclipse\plugins\org.eclipse.justj.openjdk.hotspot.jre.full.win32.x86_64_17.0.1.v20211116-1657\jre\bin\msvcp140.dll
0x00007ffe0e480000 - 0x00007ffe0f0c6000 	D:\eclipse\plugins\org.eclipse.justj.openjdk.hotspot.jre.full.win32.x86_64_17.0.1.v20211116-1657\jre\bin\server\jvm.dll
0x00007ffe50320000 - 0x00007ffe50328000 	C:\WINDOWS\System32\PSAPI.DLL
0x00007ffe4cb00000 - 0x00007ffe4cb09000 	C:\WINDOWS\SYSTEM32\WSOCK32.dll
0x00007ffe3afd0000 - 0x00007ffe3aff7000 	C:\WINDOWS\SYSTEM32\WINMM.dll
0x00007ffe44dd0000 - 0x00007ffe44dda000 	C:\WINDOWS\SYSTEM32\VERSION.dll
0x00007ffe50330000 - 0x00007ffe5039b000 	C:\WINDOWS\System32\WS2_32.dll
0x00007ffe4b9e0000 - 0x00007ffe4b9f2000 	C:\WINDOWS\SYSTEM32\kernel.appcore.dll
0x00007ffe4c930000 - 0x00007ffe4c93a000 	D:\eclipse\plugins\org.eclipse.justj.openjdk.hotspot.jre.full.win32.x86_64_17.0.1.v20211116-1657\jre\bin\jimage.dll
0x00007ffe4e440000 - 0x00007ffe4e624000 	C:\WINDOWS\SYSTEM32\DBGHELP.DLL
0x00007ffe4e250000 - 0x00007ffe4e284000 	C:\WINDOWS\SYSTEM32\dbgcore.DLL
0x00007ffe4f410000 - 0x00007ffe4f492000 	C:\WINDOWS\System32\bcryptPrimitives.dll
0x00007ffe3b240000 - 0x00007ffe3b27b000 	D:\eclipse\plugins\org.eclipse.justj.openjdk.hotspot.jre.full.win32.x86_64_17.0.1.v20211116-1657\jre\bin\jdwp.dll
0x00007ffe44510000 - 0x00007ffe44535000 	D:\eclipse\plugins\org.eclipse.justj.openjdk.hotspot.jre.full.win32.x86_64_17.0.1.v20211116-1657\jre\bin\java.dll
0x00007ffe47810000 - 0x00007ffe47828000 	D:\eclipse\plugins\org.eclipse.justj.openjdk.hotspot.jre.full.win32.x86_64_17.0.1.v20211116-1657\jre\bin\zip.dll
0x00007ffe509e0000 - 0x00007ffe5114f000 	C:\WINDOWS\System32\SHELL32.dll
0x00007ffe4bbe0000 - 0x00007ffe4c383000 	C:\WINDOWS\SYSTEM32\windows.storage.dll
0x00007ffe4fcb0000 - 0x00007ffe50005000 	C:\WINDOWS\System32\combase.dll
0x00007ffe4dd50000 - 0x00007ffe4dd7b000 	C:\WINDOWS\SYSTEM32\Wldp.dll
0x00007ffe4f5b0000 - 0x00007ffe4f67d000 	C:\WINDOWS\System32\OLEAUT32.dll
0x00007ffe4f4d0000 - 0x00007ffe4f57d000 	C:\WINDOWS\System32\SHCORE.dll
0x00007ffe504d0000 - 0x00007ffe50525000 	C:\WINDOWS\System32\shlwapi.dll
0x00007ffe4ea70000 - 0x00007ffe4ea95000 	C:\WINDOWS\SYSTEM32\profapi.dll
0x00007ffe4cb80000 - 0x00007ffe4cb8c000 	D:\eclipse\plugins\org.eclipse.justj.openjdk.hotspot.jre.full.win32.x86_64_17.0.1.v20211116-1657\jre\bin\dt_socket.dll
0x00007ffe4d840000 - 0x00007ffe4d87b000 	C:\WINDOWS\SYSTEM32\IPHLPAPI.DLL
0x00007ffe4db60000 - 0x00007ffe4dbcc000 	C:\WINDOWS\system32\mswsock.dll
0x00007ffe4d880000 - 0x00007ffe4d94a000 	C:\WINDOWS\SYSTEM32\DNSAPI.dll
0x00007ffe4fc70000 - 0x00007ffe4fc78000 	C:\WINDOWS\System32\NSI.dll
0x00007ffe469f0000 - 0x00007ffe469fa000 	C:\Windows\System32\rasadhlp.dll
0x00007ffe482e0000 - 0x00007ffe48360000 	C:\WINDOWS\System32\fwpuclnt.dll
0x00007ffe475c0000 - 0x00007ffe475d9000 	D:\eclipse\plugins\org.eclipse.justj.openjdk.hotspot.jre.full.win32.x86_64_17.0.1.v20211116-1657\jre\bin\net.dll
0x00007ffe4d460000 - 0x00007ffe4d56a000 	C:\WINDOWS\SYSTEM32\WINHTTP.dll
0x00007ffe447b0000 - 0x00007ffe447c5000 	D:\eclipse\plugins\org.eclipse.justj.openjdk.hotspot.jre.full.win32.x86_64_17.0.1.v20211116-1657\jre\bin\nio.dll
0x00007ffe4e7e0000 - 0x00007ffe4e7f8000 	C:\WINDOWS\SYSTEM32\CRYPTSP.dll
0x00007ffe4d3d0000 - 0x00007ffe4d408000 	C:\WINDOWS\system32\rsaenh.dll
0x00007ffe4e9f0000 - 0x00007ffe4ea1e000 	C:\WINDOWS\SYSTEM32\USERENV.dll
0x00007ffe4dd80000 - 0x00007ffe4dd8c000 	C:\WINDOWS\SYSTEM32\CRYPTBASE.dll
0x00007ffe48090000 - 0x00007ffe480a7000 	C:\WINDOWS\SYSTEM32\dhcpcsvc6.DLL
0x00007ffe47fe0000 - 0x00007ffe47ffd000 	C:\WINDOWS\SYSTEM32\dhcpcsvc.DLL
0x00007ffe43090000 - 0x00007ffe4309e000 	D:\eclipse\plugins\org.eclipse.justj.openjdk.hotspot.jre.full.win32.x86_64_17.0.1.v20211116-1657\jre\bin\sunmscapi.dll
0x00007ffe4f070000 - 0x00007ffe4f1cd000 	C:\WINDOWS\System32\CRYPT32.dll
0x00007ffe4de70000 - 0x00007ffe4de97000 	C:\WINDOWS\SYSTEM32\ncrypt.dll
0x00007ffe4de30000 - 0x00007ffe4de6b000 	C:\WINDOWS\SYSTEM32\NTASN1.dll
0x00007ffe4afb0000 - 0x00007ffe4afc0000 	D:\eclipse\plugins\org.eclipse.justj.openjdk.hotspot.jre.full.win32.x86_64_17.0.1.v20211116-1657\jre\bin\verify.dll
0x00007ffe44500000 - 0x00007ffe44509000 	D:\eclipse\plugins\org.eclipse.justj.openjdk.hotspot.jre.full.win32.x86_64_17.0.1.v20211116-1657\jre\bin\management.dll
0x00007ffe430a0000 - 0x00007ffe430ab000 	D:\eclipse\plugins\org.eclipse.justj.openjdk.hotspot.jre.full.win32.x86_64_17.0.1.v20211116-1657\jre\bin\management_ext.dll
0x00007ffe4ca80000 - 0x00007ffe4ca87000 	C:\WINDOWS\system32\wshunix.dll
0x00007ffe42230000 - 0x00007ffe42247000 	C:\WINDOWS\system32\napinsp.dll
0x00007ffe42210000 - 0x00007ffe4222b000 	C:\WINDOWS\system32\pnrpnsp.dll
0x00007ffe4a6e0000 - 0x00007ffe4a6fd000 	C:\WINDOWS\system32\NLAapi.dll
0x00007ffe42a30000 - 0x00007ffe42a42000 	C:\WINDOWS\System32\winrnr.dll
0x00007ffe42a50000 - 0x00007ffe42a65000 	C:\WINDOWS\system32\wshbth.dll
0x00007ffe4e7a0000 - 0x00007ffe4e7d3000 	C:\WINDOWS\SYSTEM32\ntmarta.dll

dbghelp: loaded successfully - version: 4.0.5 - missing functions: none
symbol engine: initialized successfully - sym options: 0x614 - pdb path: .;D:\eclipse\plugins\org.eclipse.justj.openjdk.hotspot.jre.full.win32.x86_64_17.0.1.v20211116-1657\jre\bin;C:\WINDOWS\SYSTEM32;C:\WINDOWS\WinSxS\amd64_microsoft.windows.common-controls_6595b64144ccf1df_6.0.19041.4355_none_60b8b9eb71f62e16;D:\eclipse\plugins\org.eclipse.justj.openjdk.hotspot.jre.full.win32.x86_64_17.0.1.v20211116-1657\jre\bin\server

VM Arguments:
jvm_args: -XX:+ShowCodeDetailsInExceptionMessages -agentlib:jdwp=transport=dt_socket,suspend=y,address=localhost:55478 -ea -Dfile.encoding=Cp1252 
java_command: org.testng.remote.RemoteTestNG -serport 55477 -protocol json -d C:\Users\Balkrishna.Sharma\Desktop\saudiaproject\Saudia\test-output C:\Users\BALKRI~1.SHA\AppData\Local\Temp\testng-eclipse-1819176479\testng-customsuite.xml
java_class_path (initial): D:\eclipse\configuration\org.eclipse.osgi\429\0\.cp\lib\testng-remote.jar;C:\Users\Balkrishna.Sharma\Desktop\saudiaproject\Saudia\target\test-classes;C:\Users\Balkrishna.Sharma\Desktop\saudiaproject\Saudia\target\classes;D:\selenium-server-4.1.4.jar;C:\Users\Balkrishna.Sharma\.m2\repository\org\seleniumhq\selenium\selenium-java\4.8.1\selenium-java-4.8.1.jar;C:\Users\Balkrishna.Sharma\.m2\repository\org\seleniumhq\selenium\selenium-api\4.8.1\selenium-api-4.8.1.jar;C:\Users\Balkrishna.Sharma\.m2\repository\org\seleniumhq\selenium\selenium-chrome-driver\4.8.1\selenium-chrome-driver-4.8.1.jar;C:\Users\Balkrishna.Sharma\.m2\repository\com\google\auto\service\auto-service-annotations\1.0.1\auto-service-annotations-1.0.1.jar;C:\Users\Balkrishna.Sharma\.m2\repository\com\google\auto\service\auto-service\1.0.1\auto-service-1.0.1.jar;C:\Users\Balkrishna.Sharma\.m2\repository\com\google\auto\auto-common\1.2\auto-common-1.2.jar;C:\Users\Balkrishna.Sharma\.m2\repository\org\seleniumhq\selenium\selenium-chromium-driver\4.8.1\selenium-chromium-driver-4.8.1.jar;C:\Users\Balkrishna.Sharma\.m2\repository\org\seleniumhq\selenium\selenium-json\4.8.1\selenium-json-4.8.1.jar;C:\Users\Balkrishna.Sharma\.m2\repository\org\seleniumhq\selenium\selenium-devtools-v108\4.8.1\selenium-devtools-v108-4.8.1.jar;C:\Users\Balkrishna.Sharma\.m2\repository\org\seleniumhq\selenium\selenium-devtools-v109\4.8.1\selenium-devtools-v109-4.8.1.jar;C:\Users\Balkrishna.Sharma\.m2\repository\org\seleniumhq\selenium\selenium-devtools-v110\4.8.1\selenium-devtools-v110-4.8.1.jar;C:\Users\Balkrishna.Sharma\.m2\repository\org\seleniumhq\selenium\selenium-devtools-v85\4.8.1\selenium-devtools-v85-4.8.1.jar;C:\Users\Balkrishna.Sharma\.m2\repository\org\seleniumhq\selenium\selenium-edge-driver\4.8.1\selenium-edge-driver-4.8.1.jar;C:\Users\Balkrishna.Sharma\.m2\repository\org\seleniumhq\selenium\selenium-firefox-driver\4.8.1\selenium-firefox-driver-4.8.1.jar;C:\Users\Balkrishna.Sharma\.m2\repo
Launcher Type: SUN_STANDARD

[Global flags]
     intx CICompilerCount                          = 4                                         {product} {ergonomic}
     uint ConcGCThreads                            = 2                                         {product} {ergonomic}
     uint G1ConcRefinementThreads                  = 8                                         {product} {ergonomic}
   size_t G1HeapRegionSize                         = 1048576                                   {product} {ergonomic}
    uintx GCDrainStackTargetSize                   = 64                                        {product} {ergonomic}
   size_t InitialHeapSize                          = 134217728                                 {product} {ergonomic}
   size_t MarkStackSize                            = 4194304                                   {product} {ergonomic}
   size_t MaxHeapSize                              = 2122317824                                {product} {ergonomic}
   size_t MaxNewSize                               = 1272971264                                {product} {ergonomic}
   size_t MinHeapDeltaBytes                        = 1048576                                   {product} {ergonomic}
   size_t MinHeapSize                              = 8388608                                   {product} {ergonomic}
    uintx NonNMethodCodeHeapSize                   = 5839372                                {pd product} {ergonomic}
    uintx NonProfiledCodeHeapSize                  = 122909434                              {pd product} {ergonomic}
    uintx ProfiledCodeHeapSize                     = 122909434                              {pd product} {ergonomic}
    uintx ReservedCodeCacheSize                    = 251658240                              {pd product} {ergonomic}
     bool SegmentedCodeCache                       = true                                      {product} {ergonomic}
     bool ShowCodeDetailsInExceptionMessages       = true                                   {manageable} {command line}
   size_t SoftMaxHeapSize                          = 2122317824                             {manageable} {ergonomic}
     bool UseCompressedClassPointers               = true                           {product lp64_product} {ergonomic}
     bool UseCompressedOops                        = true                           {product lp64_product} {ergonomic}
     bool UseG1GC                                  = true                                      {product} {ergonomic}
     bool UseLargePagesIndividualAllocation        = false                                  {pd product} {ergonomic}

Logging:
Log output configuration:
 #0: stdout all=warning uptime,level,tags
 #1: stderr all=off uptime,level,tags

Environment Variables:
PATH=D:\eclipse\plugins\org.eclipse.justj.openjdk.hotspot.jre.full.win32.x86_64_17.0.1.v20211116-1657\jre\bin;D:/eclipse//plugins/org.eclipse.justj.openjdk.hotspot.jre.full.win32.x86_64_17.0.1.v20211116-1657/jre/bin/server;D:/eclipse//plugins/org.eclipse.justj.openjdk.hotspot.jre.full.win32.x86_64_17.0.1.v20211116-1657/jre/bin;C:\Program Files\Common Files\Oracle\Java\javapath;C:\WINDOWS\system32;C:\WINDOWS;C:\WINDOWS\System32\Wbem;C:\WINDOWS\System32\WindowsPowerShell\v1.0\;C:\WINDOWS\System32\OpenSSH\;C:\Program Files\Git\cmd;C:\Users\Balkrishna.Sharma\AppData\Local\Microsoft\WindowsApps;;D:\eclipse;
USERNAME=Balkrishna.Sharma
OS=Windows_NT
PROCESSOR_IDENTIFIER=Intel64 Family 6 Model 60 Stepping 3, GenuineIntel



---------------  S Y S T E M  ---------------

OS:
 Windows 10 , 64 bit Build 19041 (10.0.19041.5678)
OS uptime: 7 days 0:59 hours

CPU: total 8 (initial active 8) (4 cores per cpu, 2 threads per core) family 6 model 60 stepping 3 microcode 0x27, cx8, cmov, fxsr, ht, mmx, sse, sse2, sse3, ssse3, sse4.1, sse4.2, popcnt, lzcnt, tsc, tscinvbit, avx, avx2, aes, erms, clmul, bmi1, bmi2, fma, vzeroupper, clflush

Memory: 4k page, system-wide physical 8092M (1896M free)
TotalPageFile size 11932M (AvailPageFile size 2546M)
current process WorkingSet (physical memory assigned to process): 102M, peak: 209M
current process commit charge ("private bytes"): 203M, peak: 243M

vm_info: OpenJDK 64-Bit Server VM (17.0.1+12) for windows-amd64 JRE (17.0.1+12), built on Oct 20 2021 07:42:55 by "" with MS VC++ 16.7 (VS2019)

END.
